<?xml version="1.0" encoding="UTF-8"?>
<testsuite name="com.jk.skutan.SkutanApplicationTests" tests="1" skipped="0" failures="0" errors="0" timestamp="2022-07-28T20:03:23" hostname="CSEGOTL94312MD" time="0.256">
  <properties/>
  <testcase name="contextLoads()" classname="com.jk.skutan.SkutanApplicationTests" time="0.256"/>
  <system-out><![CDATA[22:03:21.523 [Test worker] DEBUG org.springframework.test.context.BootstrapUtils - Instantiating CacheAwareContextLoaderDelegate from class [org.springframework.test.context.cache.DefaultCacheAwareContextLoaderDelegate]
22:03:21.535 [Test worker] DEBUG org.springframework.test.context.BootstrapUtils - Instantiating BootstrapContext using constructor [public org.springframework.test.context.support.DefaultBootstrapContext(java.lang.Class,org.springframework.test.context.CacheAwareContextLoaderDelegate)]
22:03:21.570 [Test worker] DEBUG org.springframework.test.context.BootstrapUtils - Instantiating TestContextBootstrapper for test class [com.jk.skutan.SkutanApplicationTests] from class [org.springframework.boot.test.context.SpringBootTestContextBootstrapper]
22:03:21.581 [Test worker] INFO org.springframework.boot.test.context.SpringBootTestContextBootstrapper - Neither @ContextConfiguration nor @ContextHierarchy found for test class [com.jk.skutan.SkutanApplicationTests], using SpringBootContextLoader
22:03:21.585 [Test worker] DEBUG org.springframework.test.context.support.AbstractContextLoader - Did not detect default resource location for test class [com.jk.skutan.SkutanApplicationTests]: class path resource [com/jk/skutan/SkutanApplicationTests-context.xml] does not exist
22:03:21.586 [Test worker] DEBUG org.springframework.test.context.support.AbstractContextLoader - Did not detect default resource location for test class [com.jk.skutan.SkutanApplicationTests]: class path resource [com/jk/skutan/SkutanApplicationTestsContext.groovy] does not exist
22:03:21.586 [Test worker] INFO org.springframework.test.context.support.AbstractContextLoader - Could not detect default resource locations for test class [com.jk.skutan.SkutanApplicationTests]: no resource found for suffixes {-context.xml, Context.groovy}.
22:03:21.587 [Test worker] INFO org.springframework.test.context.support.AnnotationConfigContextLoaderUtils - Could not detect default configuration classes for test class [com.jk.skutan.SkutanApplicationTests]: SkutanApplicationTests does not declare any static, non-private, non-final, nested classes annotated with @Configuration.
22:03:21.626 [Test worker] DEBUG org.springframework.test.context.support.ActiveProfilesUtils - Could not find an 'annotation declaring class' for annotation type [org.springframework.test.context.ActiveProfiles] and class [com.jk.skutan.SkutanApplicationTests]
22:03:21.703 [Test worker] DEBUG org.springframework.context.annotation.ClassPathScanningCandidateComponentProvider - Identified candidate component class: file [/home/johan.karlsson/dev/MyProjects/JavaProjects/skutan-availability/build/classes/java/main/com/jk/skutan/SkutanApplication.class]
22:03:21.704 [Test worker] INFO org.springframework.boot.test.context.SpringBootTestContextBootstrapper - Found @SpringBootConfiguration com.jk.skutan.SkutanApplication for test class com.jk.skutan.SkutanApplicationTests
22:03:21.794 [Test worker] DEBUG org.springframework.boot.test.context.SpringBootTestContextBootstrapper - @TestExecutionListeners is not present for class [com.jk.skutan.SkutanApplicationTests]: using defaults.
22:03:21.795 [Test worker] INFO org.springframework.boot.test.context.SpringBootTestContextBootstrapper - Loaded default TestExecutionListener class names from location [META-INF/spring.factories]: [org.springframework.boot.test.autoconfigure.restdocs.RestDocsTestExecutionListener, org.springframework.boot.test.autoconfigure.web.client.MockRestServiceServerResetTestExecutionListener, org.springframework.boot.test.autoconfigure.web.servlet.MockMvcPrintOnlyOnFailureTestExecutionListener, org.springframework.boot.test.autoconfigure.web.servlet.WebDriverTestExecutionListener, org.springframework.boot.test.autoconfigure.webservices.client.MockWebServiceServerTestExecutionListener, org.springframework.boot.test.mock.mockito.MockitoTestExecutionListener, org.springframework.boot.test.mock.mockito.ResetMocksTestExecutionListener, org.springframework.test.context.web.ServletTestExecutionListener, org.springframework.test.context.support.DirtiesContextBeforeModesTestExecutionListener, org.springframework.test.context.event.ApplicationEventsTestExecutionListener, org.springframework.test.context.support.DependencyInjectionTestExecutionListener, org.springframework.test.context.support.DirtiesContextTestExecutionListener, org.springframework.test.context.transaction.TransactionalTestExecutionListener, org.springframework.test.context.jdbc.SqlScriptsTestExecutionListener, org.springframework.test.context.event.EventPublishingTestExecutionListener]
22:03:21.805 [Test worker] DEBUG org.springframework.boot.test.context.SpringBootTestContextBootstrapper - Skipping candidate TestExecutionListener [org.springframework.test.context.transaction.TransactionalTestExecutionListener] due to a missing dependency. Specify custom listener classes or make the default listener classes and their required dependencies available. Offending class: [org/springframework/transaction/TransactionDefinition]
22:03:21.806 [Test worker] DEBUG org.springframework.boot.test.context.SpringBootTestContextBootstrapper - Skipping candidate TestExecutionListener [org.springframework.test.context.jdbc.SqlScriptsTestExecutionListener] due to a missing dependency. Specify custom listener classes or make the default listener classes and their required dependencies available. Offending class: [org/springframework/transaction/interceptor/TransactionAttribute]
22:03:21.806 [Test worker] INFO org.springframework.boot.test.context.SpringBootTestContextBootstrapper - Using TestExecutionListeners: [org.springframework.test.context.web.ServletTestExecutionListener@287f94b1, org.springframework.test.context.support.DirtiesContextBeforeModesTestExecutionListener@30b34287, org.springframework.test.context.event.ApplicationEventsTestExecutionListener@5489c777, org.springframework.boot.test.mock.mockito.MockitoTestExecutionListener@3676ac27, org.springframework.boot.test.autoconfigure.SpringBootDependencyInjectionTestExecutionListener@62f87c44, org.springframework.test.context.support.DirtiesContextTestExecutionListener@48f5bde6, org.springframework.test.context.event.EventPublishingTestExecutionListener@525d79f0, org.springframework.boot.test.autoconfigure.restdocs.RestDocsTestExecutionListener@5149f008, org.springframework.boot.test.autoconfigure.web.client.MockRestServiceServerResetTestExecutionListener@7072bc39, org.springframework.boot.test.autoconfigure.web.servlet.MockMvcPrintOnlyOnFailureTestExecutionListener@158d255c, org.springframework.boot.test.autoconfigure.web.servlet.WebDriverTestExecutionListener@2ca65ce4, org.springframework.boot.test.autoconfigure.webservices.client.MockWebServiceServerTestExecutionListener@327120c8, org.springframework.boot.test.mock.mockito.ResetMocksTestExecutionListener@5707c1cb]
22:03:21.810 [Test worker] DEBUG org.springframework.test.context.support.AbstractDirtiesContextTestExecutionListener - Before test class: context [DefaultTestContext@7646731d testClass = SkutanApplicationTests, testInstance = [null], testMethod = [null], testException = [null], mergedContextConfiguration = [WebMergedContextConfiguration@70e29e14 testClass = SkutanApplicationTests, locations = '{}', classes = '{class com.jk.skutan.SkutanApplication}', contextInitializerClasses = '[]', activeProfiles = '{}', propertySourceLocations = '{}', propertySourceProperties = '{org.springframework.boot.test.context.SpringBootTestContextBootstrapper=true}', contextCustomizers = set[org.springframework.boot.test.autoconfigure.actuate.metrics.MetricsExportContextCustomizerFactory$DisableMetricExportContextCustomizer@5b529706, org.springframework.boot.test.autoconfigure.properties.PropertyMappingContextCustomizer@0, org.springframework.boot.test.autoconfigure.web.servlet.WebDriverContextCustomizerFactory$Customizer@19553973, org.springframework.boot.test.context.filter.ExcludeFilterContextCustomizer@32c8e539, org.springframework.boot.test.json.DuplicateJsonObjectContextCustomizerFactory$DuplicateJsonObjectContextCustomizer@53dacd14, org.springframework.boot.test.mock.mockito.MockitoContextCustomizer@0, org.springframework.boot.test.web.client.TestRestTemplateContextCustomizer@18cebaa5, org.springframework.boot.test.context.SpringBootTestArgs@1, org.springframework.boot.test.context.SpringBootTestWebEnvironment@41330d4f], resourceBasePath = 'src/main/webapp', contextLoader = 'org.springframework.boot.test.context.SpringBootContextLoader', parent = [null]], attributes = map['org.springframework.test.context.web.ServletTestExecutionListener.activateListener' -> true]], class annotated with @DirtiesContext [false] with mode [null].

  .   ____          _            __ _ _
 /\\ / ___'_ __ _ _(_)_ __  __ _ \ \ \ \
( ( )\___ | '_ | '_| | '_ \/ _` | \ \ \ \
 \\/  ___)| |_)| | | | | || (_| |  ) ) ) )
  '  |____| .__|_| |_|_| |_\__, | / / / /
 =========|_|==============|___/=/_/_/_/
 :: Spring Boot ::                (v2.7.2)

2022-07-28 22:03:22.104  INFO 11310 --- [    Test worker] com.jk.skutan.SkutanApplicationTests     : Starting SkutanApplicationTests using Java 11.0.15 on CSEGOTL94312MD with PID 11310 (started by johan.karlsson in /home/johan.karlsson/dev/MyProjects/JavaProjects/skutan-availability)
2022-07-28 22:03:22.105  INFO 11310 --- [    Test worker] com.jk.skutan.SkutanApplicationTests     : No active profile set, falling back to 1 default profile: "default"
2022-07-28 22:03:23.685  INFO 11310 --- [    Test worker] com.jk.skutan.SkutanApplicationTests     : Started SkutanApplicationTests in 1.83 seconds (JVM running for 3.396)
]]></system-out>
  <system-err><![CDATA[]]></system-err>
</testsuite>
